{"numTotalTestSuites":150,"numPassedTestSuites":150,"numFailedTestSuites":0,"numPendingTestSuites":0,"numTotalTests":548,"numPassedTests":548,"numFailedTests":0,"numPendingTests":0,"numTodoTests":0,"snapshot":{"added":0,"failure":false,"filesAdded":0,"filesRemoved":0,"filesRemovedList":[],"filesUnmatched":0,"filesUpdated":0,"matched":0,"total":0,"unchecked":0,"uncheckedKeysByFile":[],"unmatched":0,"updated":0,"didUpdate":false},"startTime":1786046892133,"success":true,"testResults":[{"assertionResults":[{"ancestorTitles":["validateRequest"],"fullName":"validateRequest accepts a valid request body","status":"passed","title":"accepts a valid request body","duration":4.017699999998513,"failureMessages":[],"meta":{}},{"ancestorTitles":["validateRequest"],"fullName":"validateRequest rejects null body","status":"passed","title":"rejects null body","duration":0.8942000000006374,"failureMessages":[],"meta":{}},{"ancestorTitles":["validateRequest"],"fullName":"validateRequest rejects missing day","status":"passed","title":"rejects missing day","duration":0.6159000000006927,"failureMessages":[],"meta":{}},{"ancestorTitles":["validateRequest"],"fullName":"validateRequest rejects invalid day","status":"passed","title":"rejects invalid day","duration":0.4301999999988766,"failureMessages":[],"meta":{}},{"ancestorTitles":["validateRequest"],"fullName":"validateRequest rejects non-array classes","status":"passed","title":"rejects non-array classes","duration":0.5279000000009546,"failureMessages":[],"meta":{}},{"ancestorTitles":["validateRequest"],"fullName":"validateRequest rejects class with missing name","status":"passed","title":"rejects class with missing name","duration":0.7936999999983527,"failureMessages":[],"meta":{}},{"ancestorTitles":["validateRequest"],"fullName":"validateRequest rejects class with invalid startTime","status":"passed","title":"rejects class with invalid startTime","duration":0.4256999999997788,"failureMessages":[],"meta":{}},{"ancestorTitles":["validateRequest"],"fullName":"validateRequest rejects class with endTime <= startTime","status":"passed","title":"rejects class with endTime <= startTime","duration":0.3912000000000262,"failureMessages":[],"meta":{}},{"ancestorTitles":["validateRequest"],"fullName":"validateRequest rejects missing preferences","status":"passed","title":"rejects missing preferences","duration":0.4915000000000873,"failureMessages":[],"meta":{}},{"ancestorTitles":["validateRequest"],"fullName":"validateRequest rejects empty activities array","status":"passed","title":"rejects empty activities array","duration":0.4485999999997148,"failureMessages":[],"meta":{}},{"ancestorTitles":["validateRequest"],"fullName":"validateRequest rejects non-number regenerationSeed","status":"passed","title":"rejects non-number regenerationSeed","duration":0.4066000000002532,"failureMessages":[],"meta":{}},{"ancestorTitles":["validateRequest"],"fullName":"validateRequest accepts missing regenerationSeed (optional)","status":"passed","title":"accepts missing regenerationSeed (optional)","duration":0.6683000000011816,"failureMessages":[],"meta":{}},{"ancestorTitles":["computeTimeGaps"],"fullName":"computeTimeGaps returns empty for no classes","status":"passed","title":"returns empty for no classes","duration":2.321700000000419,"failureMessages":[],"meta":{}},{"ancestorTitles":["computeTimeGaps"],"fullName":"computeTimeGaps returns empty for a single class","status":"passed","title":"returns empty for a single class","duration":0.40759999999863794,"failureMessages":[],"meta":{}},{"ancestorTitles":["computeTimeGaps"],"fullName":"computeTimeGaps computes gaps between two classes","status":"passed","title":"computes gaps between two classes","duration":13.466699999999037,"failureMessages":[],"meta":{}},{"ancestorTitles":["computeTimeGaps"],"fullName":"computeTimeGaps filters out gaps shorter than 15 minutes","status":"passed","title":"filters out gaps shorter than 15 minutes","duration":0.5570000000006985,"failureMessages":[],"meta":{}},{"ancestorTitles":["computeTimeGaps"],"fullName":"computeTimeGaps includes gaps exactly 15 minutes","status":"passed","title":"includes gaps exactly 15 minutes","duration":15.229699999999866,"failureMessages":[],"meta":{}},{"ancestorTitles":["computeTimeGaps"],"fullName":"computeTimeGaps sorts classes by start time before computing","status":"passed","title":"sorts classes by start time before computing","duration":1.2210999999988417,"failureMessages":[],"meta":{}},{"ancestorTitles":["calculateTransitDuration"],"fullName":"calculateTransitDuration returns 0 for same location","status":"passed","title":"returns 0 for same location","duration":0.5043000000005122,"failureMessages":[],"meta":{}},{"ancestorTitles":["calculateTransitDuration"],"fullName":"calculateTransitDuration returns 5 for same building","status":"passed","title":"returns 5 for same building","duration":0.43870000000060827,"failureMessages":[],"meta":{}},{"ancestorTitles":["calculateTransitDuration"],"fullName":"calculateTransitDuration returns 10 for different buildings","status":"passed","title":"returns 10 for different buildings","duration":0.5936999999994441,"failureMessages":[],"meta":{}},{"ancestorTitles":["calculateTransitDuration"],"fullName":"calculateTransitDuration returns 0 for empty locations","status":"passed","title":"returns 0 for empty locations","duration":0.3318999999992229,"failureMessages":[],"meta":{}},{"ancestorTitles":["calculateTransitDuration"],"fullName":"calculateTransitDuration returns 0 for null/undefined locations","status":"passed","title":"returns 0 for null/undefined locations","duration":2.0138999999999214,"failureMessages":[],"meta":{}},{"ancestorTitles":["computeEnrichedGaps"],"fullName":"computeEnrichedGaps returns gaps with transit info","status":"passed","title":"returns gaps with transit info","duration":6.355900000000474,"failureMessages":[],"meta":{}},{"ancestorTitles":["computeEnrichedGaps"],"fullName":"computeEnrichedGaps no transit needed for same location","status":"passed","title":"no transit needed for same location","duration":0.8693999999995867,"failureMessages":[],"meta":{}},{"ancestorTitles":["buildSystemPrompt"],"fullName":"buildSystemPrompt returns a non-empty string","status":"passed","title":"returns a non-empty string","duration":0.6773000000011962,"failureMessages":[],"meta":{}},{"ancestorTitles":["buildSystemPrompt"],"fullName":"buildSystemPrompt contains key rules","status":"passed","title":"contains key rules","duration":0.3808000000008178,"failureMessages":[],"meta":{}},{"ancestorTitles":["buildUserPrompt"],"fullName":"buildUserPrompt includes day, classes, gaps, and preferences","status":"passed","title":"includes day, classes, gaps, and preferences","duration":0.9480000000003201,"failureMessages":[],"meta":{}},{"ancestorTitles":["parseBedrockResponse"],"fullName":"parseBedrockResponse parses a valid JSON array","status":"passed","title":"parses a valid JSON array","duration":2.8298999999988155,"failureMessages":[],"meta":{}},{"ancestorTitles":["parseBedrockResponse"],"fullName":"parseBedrockResponse extracts JSON array from surrounding text","status":"passed","title":"extracts JSON array from surrounding text","duration":0.8876999999993131,"failureMessages":[],"meta":{}},{"ancestorTitles":["parseBedrockResponse"],"fullName":"parseBedrockResponse fails on empty string","status":"passed","title":"fails on empty string","duration":0.41380000000026484,"failureMessages":[],"meta":{}},{"ancestorTitles":["parseBedrockResponse"],"fullName":"parseBedrockResponse fails on non-array JSON","status":"passed","title":"fails on non-array JSON","duration":0.31260000000111177,"failureMessages":[],"meta":{}},{"ancestorTitles":["parseBedrockResponse"],"fullName":"parseBedrockResponse fails on completely invalid text","status":"passed","title":"fails on completely invalid text","duration":0.9797999999991589,"failureMessages":[],"meta":{}},{"ancestorTitles":["validateBlocks"],"fullName":"validateBlocks accepts valid blocks within gaps","status":"passed","title":"accepts valid blocks within gaps","duration":1.378500000000713,"failureMessages":[],"meta":{}},{"ancestorTitles":["validateBlocks"],"fullName":"validateBlocks rejects blocks outside gaps","status":"passed","title":"rejects blocks outside gaps","duration":1.8090999999985797,"failureMessages":[],"meta":{}},{"ancestorTitles":["validateBlocks"],"fullName":"validateBlocks rejects blocks overlapping with classes","status":"passed","title":"rejects blocks overlapping with classes","duration":0.7019000000000233,"failureMessages":[],"meta":{}},{"ancestorTitles":["validateBlocks"],"fullName":"validateBlocks rejects blocks with invalid type","status":"passed","title":"rejects blocks with invalid type","duration":0.5511000000005879,"failureMessages":[],"meta":{}},{"ancestorTitles":["validateBlocks"],"fullName":"validateBlocks rejects blocks with missing fields","status":"passed","title":"rejects blocks with missing fields","duration":0.43989999999939755,"failureMessages":[],"meta":{}},{"ancestorTitles":["validateBlocks"],"fullName":"validateBlocks returns partial valid blocks when some fail (Req 3.5)","status":"passed","title":"returns partial valid blocks when some fail (Req 3.5)","duration":0.6466000000000349,"failureMessages":[],"meta":{}},{"ancestorTitles":["validateBlocks"],"fullName":"validateBlocks removes out-of-order blocks","status":"passed","title":"removes out-of-order blocks","duration":0.8173000000006141,"failureMessages":[],"meta":{}},{"ancestorTitles":["validateBlocks"],"fullName":"validateBlocks removes overlapping valid blocks","status":"passed","title":"removes overlapping valid blocks","duration":1.2043999999987136,"failureMessages":[],"meta":{}},{"ancestorTitles":["handler"],"fullName":"handler returns 400 for invalid JSON body","status":"passed","title":"returns 400 for invalid JSON body","duration":1.2590999999993073,"failureMessages":[],"meta":{}},{"ancestorTitles":["handler"],"fullName":"handler returns 400 for invalid request fields","status":"passed","title":"returns 400 for invalid request fields","duration":0.37410000000090804,"failureMessages":[],"meta":{}},{"ancestorTitles":["handler"],"fullName":"handler returns 200 with empty timeBlocks when no gaps exist","status":"passed","title":"returns 200 with empty timeBlocks when no gaps exist","duration":0.5154999999995198,"failureMessages":[],"meta":{}},{"ancestorTitles":["handler"],"fullName":"handler returns 200 with valid blocks from Bedrock","status":"passed","title":"returns 200 with valid blocks from Bedrock","duration":4.794799999999668,"failureMessages":[],"meta":{}},{"ancestorTitles":["handler"],"fullName":"handler returns 504 on Bedrock timeout","status":"passed","title":"returns 504 on Bedrock timeout","duration":3.5555999999996857,"failureMessages":[],"meta":{}},{"ancestorTitles":["handler"],"fullName":"handler returns 502 on Bedrock service error","status":"passed","title":"returns 502 on Bedrock service error","duration":34.446500000000015,"failureMessages":[],"meta":{}},{"ancestorTitles":["handler"],"fullName":"handler returns 502 on unparseable Bedrock response","status":"passed","title":"returns 502 on unparseable Bedrock response","duration":1.2095999999983178,"failureMessages":[],"meta":{}},{"ancestorTitles":["handler"],"fullName":"handler returns partial valid blocks when some are invalid (Req 3.5)","status":"passed","title":"returns partial valid blocks when some are invalid (Req 3.5)","duration":1.4928999999992811,"failureMessages":[],"meta":{}},{"ancestorTitles":["handler"],"fullName":"handler includes CORS headers in response","status":"passed","title":"includes CORS headers in response","duration":0.468300000000454,"failureMessages":[],"meta":{}},{"ancestorTitles":["handler"],"fullName":"handler handles pre-parsed body (non-string event.body)","status":"passed","title":"handles pre-parsed body (non-string event.body)","duration":0.3111000000008062,"failureMessages":[],"meta":{}}],"startTime":1786046905231,"endTime":1786046905363.311,"status":"passed","message":"","name":"C:/UniGo/lambda/index.test.mjs"},{"assertionResults":[{"ancestorTitles":["app.js - Application Entry Point","initApp"],"fullName":"app.js - Application Entry Point initApp should call loadStoredState and setup event listeners without errors","status":"passed","title":"should call loadStoredState and setup event listeners without errors","duration":7.251000000000204,"failureMessages":[],"meta":{}},{"ancestorTitles":["app.js - Application Entry Point","loadStoredState"],"fullName":"app.js - Application Entry Point loadStoredState should load classes from localStorage via storageService","status":"passed","title":"should load classes from localStorage via storageService","duration":4.271999999999025,"failureMessages":[],"meta":{}},{"ancestorTitles":["app.js - Application Entry Point","loadStoredState"],"fullName":"app.js - Application Entry Point loadStoredState should load preferences from localStorage via storageService","status":"passed","title":"should load preferences from localStorage via storageService","duration":1.0964999999996508,"failureMessages":[],"meta":{}},{"ancestorTitles":["app.js - Application Entry Point","loadStoredState"],"fullName":"app.js - Application Entry Point loadStoredState should load schedules for all weekdays","status":"passed","title":"should load schedules for all weekdays","duration":3.0064000000002125,"failureMessages":[],"meta":{}},{"ancestorTitles":["app.js - Application Entry Point","loadStoredState"],"fullName":"app.js - Application Entry Point loadStoredState should handle errors gracefully when loadClasses throws","status":"passed","title":"should handle errors gracefully when loadClasses throws","duration":2.8751000000011118,"failureMessages":[],"meta":{}},{"ancestorTitles":["app.js - Application Entry Point","loadStoredState"],"fullName":"app.js - Application Entry Point loadStoredState should handle errors gracefully when loadPreferences throws","status":"passed","title":"should handle errors gracefully when loadPreferences throws","duration":1.8091000000003987,"failureMessages":[],"meta":{}},{"ancestorTitles":["app.js - Application Entry Point","loadStoredState"],"fullName":"app.js - Application Entry Point loadStoredState should handle errors gracefully when loadSchedule throws for a day","status":"passed","title":"should handle errors gracefully when loadSchedule throws for a day","duration":1.7775000000001455,"failureMessages":[],"meta":{}},{"ancestorTitles":["app.js - Application Entry Point","setupEventListeners"],"fullName":"app.js - Application Entry Point setupEventListeners should update appState.classes on classes-updated event","status":"passed","title":"should update appState.classes on classes-updated event","duration":3.516700000000128,"failureMessages":[],"meta":{}},{"ancestorTitles":["app.js - Application Entry Point","setupEventListeners"],"fullName":"app.js - Application Entry Point setupEventListeners should update appState.preferences on preferences-updated event","status":"passed","title":"should update appState.preferences on preferences-updated event","duration":4.052499999999782,"failureMessages":[],"meta":{}},{"ancestorTitles":["app.js - Application Entry Point","setupEventListeners"],"fullName":"app.js - Application Entry Point setupEventListeners should update appState.schedules on schedule-generated event","status":"passed","title":"should update appState.schedules on schedule-generated event","duration":1.8606999999992695,"failureMessages":[],"meta":{}},{"ancestorTitles":["app.js - Application Entry Point","setupEventListeners"],"fullName":"app.js - Application Entry Point setupEventListeners should update appState.currentDay on day-change event","status":"passed","title":"should update appState.currentDay on day-change event","duration":2.2340000000003783,"failureMessages":[],"meta":{}},{"ancestorTitles":["app.js - Application Entry Point","setupEventListeners"],"fullName":"app.js - Application Entry Point setupEventListeners should update appState.currentRoute on nav-change event","status":"passed","title":"should update appState.currentRoute on nav-change event","duration":1.2558000000008178,"failureMessages":[],"meta":{}},{"ancestorTitles":["app.js - Application Entry Point","setupEventListeners"],"fullName":"app.js - Application Entry Point setupEventListeners should handle missing detail in events gracefully","status":"passed","title":"should handle missing detail in events gracefully","duration":2.5755000000008295,"failureMessages":[],"meta":{}},{"ancestorTitles":["app.js - Application Entry Point","getAppState"],"fullName":"app.js - Application Entry Point getAppState should return a copy of the state, not the original reference","status":"passed","title":"should return a copy of the state, not the original reference","duration":3.987600000000384,"failureMessages":[],"meta":{}},{"ancestorTitles":["app.js - Application Entry Point","getAppState"],"fullName":"app.js - Application Entry Point getAppState should have correct initial state structure","status":"passed","title":"should have correct initial state structure","duration":1.9475000000002183,"failureMessages":[],"meta":{}}],"startTime":1786046914223,"endTime":1786046914269.9475,"status":"passed","message":"","name":"C:/UniGo/js/app.test.js"},{"assertionResults":[{"ancestorTitles":["Project Setup"],"fullName":"Project Setup vitest runs correctly","status":"passed","title":"vitest runs correctly","duration":7.4210000000002765,"failureMessages":[],"meta":{}},{"ancestorTitles":["Project Setup"],"fullName":"Project Setup fast-check is available","status":"passed","title":"fast-check is available","duration":15.04529999999977,"failureMessages":[],"meta":{}}],"startTime":1786046917813,"endTime":1786046917837.0454,"status":"passed","message":"","name":"C:/UniGo/js/setup.test.js"},{"assertionResults":[{"ancestorTitles":["AppShell","Initialization"],"fullName":"AppShell Initialization should render as a custom element","status":"passed","title":"should render as a custom element","duration":342.35410000000047,"failureMessages":[],"meta":{}},{"ancestorTitles":["AppShell","Initialization"],"fullName":"AppShell Initialization should default to schedule route","status":"passed","title":"should default to schedule route","duration":171.71849999999904,"failureMessages":[],"meta":{}},{"ancestorTitles":["AppShell","Initialization"],"fullName":"AppShell Initialization should default to monday day","status":"passed","title":"should default to monday day","duration":92.67469999999958,"failureMessages":[],"meta":{}},{"ancestorTitles":["AppShell","Initialization"],"fullName":"AppShell Initialization should contain navigation component","status":"passed","title":"should contain navigation component","duration":59.60139999999956,"failureMessages":[],"meta":{}},{"ancestorTitles":["AppShell","Initialization"],"fullName":"AppShell Initialization should contain a main content area","status":"passed","title":"should contain a main content area","duration":51.736400000001595,"failureMessages":[],"meta":{}},{"ancestorTitles":["AppShell","Routing"],"fullName":"AppShell Routing should render schedule-view for schedule route","status":"passed","title":"should render schedule-view for schedule route","duration":32.535499999999956,"failureMessages":[],"meta":{}},{"ancestorTitles":["AppShell","Routing"],"fullName":"AppShell Routing should render class-schedule-input for classes route","status":"passed","title":"should render class-schedule-input for classes route","duration":69.51699999999983,"failureMessages":[],"meta":{}},{"ancestorTitles":["AppShell","Routing"],"fullName":"AppShell Routing should render user-preferences-input for preferences route","status":"passed","title":"should render user-preferences-input for preferences route","duration":46.4343000000008,"failureMessages":[],"meta":{}},{"ancestorTitles":["AppShell","Routing"],"fullName":"AppShell Routing should update the URL hash when route changes","status":"passed","title":"should update the URL hash when route changes","duration":86.060300000001,"failureMessages":[],"meta":{}},{"ancestorTitles":["AppShell","Routing"],"fullName":"AppShell Routing should include day in hash for schedule route","status":"passed","title":"should include day in hash for schedule route","duration":77.82790000000023,"failureMessages":[],"meta":{}},{"ancestorTitles":["AppShell","Routing"],"fullName":"AppShell Routing should not show previous view when route changes","status":"passed","title":"should not show previous view when route changes","duration":64.43689999999879,"failureMessages":[],"meta":{}},{"ancestorTitles":["AppShell","Navigation integration"],"fullName":"AppShell Navigation integration should update route when nav-change event is received","status":"passed","title":"should update route when nav-change event is received","duration":69.69120000000112,"failureMessages":[],"meta":{}},{"ancestorTitles":["AppShell","Navigation integration"],"fullName":"AppShell Navigation integration should update day when day-change event is received","status":"passed","title":"should update day when day-change event is received","duration":54.8119999999999,"failureMessages":[],"meta":{}},{"ancestorTitles":["AppShell","Navigation integration"],"fullName":"AppShell Navigation integration should sync day change to hash","status":"passed","title":"should sync day change to hash","duration":66.07539999999972,"failureMessages":[],"meta":{}},{"ancestorTitles":["AppShell","Hash-based navigation"],"fullName":"AppShell Hash-based navigation should read route from hash on connect","status":"passed","title":"should read route from hash on connect","duration":92.15080000000125,"failureMessages":[],"meta":{}},{"ancestorTitles":["AppShell","Hash-based navigation"],"fullName":"AppShell Hash-based navigation should read day from hash on connect","status":"passed","title":"should read day from hash on connect","duration":55.41259999999966,"failureMessages":[],"meta":{}},{"ancestorTitles":["AppShell","Responsive layout"],"fullName":"AppShell Responsive layout should have overflow-x hidden in styles","status":"passed","title":"should have overflow-x hidden in styles","duration":33.13060000000041,"failureMessages":[],"meta":{}},{"ancestorTitles":["AppShell","Responsive layout"],"fullName":"AppShell Responsive layout should have sticky header","status":"passed","title":"should have sticky header","duration":34.895800000000236,"failureMessages":[],"meta":{}},{"ancestorTitles":["AppShell","Responsive layout"],"fullName":"AppShell Responsive layout should have max-width constraint on view container","status":"passed","title":"should have max-width constraint on view container","duration":33.80130000000099,"failureMessages":[],"meta":{}},{"ancestorTitles":["AppShell","Route property validation"],"fullName":"AppShell Route property validation should ignore invalid route values","status":"passed","title":"should ignore invalid route values","duration":40.35109999999986,"failureMessages":[],"meta":{}},{"ancestorTitles":["AppShell","Route property validation"],"fullName":"AppShell Route property validation should ignore invalid day values","status":"passed","title":"should ignore invalid day values","duration":27.582699999999022,"failureMessages":[],"meta":{}}],"startTime":1786046914989,"endTime":1786046916596.5828,"status":"passed","message":"","name":"C:/UniGo/js/components/app-shell.test.js"},{"assertionResults":[{"ancestorTitles":["ClassScheduleInput"],"fullName":"ClassScheduleInput registers as a custom element","status":"passed","title":"registers as a custom element","duration":590.7272000000012,"failureMessages":[],"meta":{}},{"ancestorTitles":["ClassScheduleInput"],"fullName":"ClassScheduleInput renders a shadow DOM with a form","status":"passed","title":"renders a shadow DOM with a form","duration":304.85839999999916,"failureMessages":[],"meta":{}},{"ancestorTitles":["ClassScheduleInput"],"fullName":"ClassScheduleInput renders all form fields","status":"passed","title":"renders all form fields","duration":435.3924999999999,"failureMessages":[],"meta":{}},{"ancestorTitles":["ClassScheduleInput"],"fullName":"ClassScheduleInput populates day select with Monday through Friday","status":"passed","title":"populates day select with Monday through Friday","duration":254.85139999999956,"failureMessages":[],"meta":{}},{"ancestorTitles":["ClassScheduleInput"],"fullName":"ClassScheduleInput populates time selects with 5-minute increments from 06:00 to 23:00","status":"passed","title":"populates time selects with 5-minute increments from 06:00 to 23:00","duration":153.09009999999944,"failureMessages":[],"meta":{}},{"ancestorTitles":["ClassScheduleInput"],"fullName":"ClassScheduleInput exposes classes getter returning empty array initially","status":"passed","title":"exposes classes getter returning empty array initially","duration":189.10349999999926,"failureMessages":[],"meta":{}},{"ancestorTitles":["ClassScheduleInput"],"fullName":"ClassScheduleInput adds a class when form is submitted with valid data","status":"passed","title":"adds a class when form is submitted with valid data","duration":253.91769999999997,"failureMessages":[],"meta":{}},{"ancestorTitles":["ClassScheduleInput"],"fullName":"ClassScheduleInput dispatches class-added event when a class is added","status":"passed","title":"dispatches class-added event when a class is added","duration":204.19950000000063,"failureMessages":[],"meta":{}},{"ancestorTitles":["ClassScheduleInput"],"fullName":"ClassScheduleInput does not add a class if name is empty","status":"passed","title":"does not add a class if name is empty","duration":260.54140000000007,"failureMessages":[],"meta":{}},{"ancestorTitles":["ClassScheduleInput"],"fullName":"ClassScheduleInput does not add a class if location is empty","status":"passed","title":"does not add a class if location is empty","duration":207.78030000000035,"failureMessages":[],"meta":{}},{"ancestorTitles":["ClassScheduleInput"],"fullName":"ClassScheduleInput displays classes grouped by day","status":"passed","title":"displays classes grouped by day","duration":495.3629999999994,"failureMessages":[],"meta":{}},{"ancestorTitles":["ClassScheduleInput"],"fullName":"ClassScheduleInput removes a class and dispatches class-removed event","status":"passed","title":"removes a class and dispatches class-removed event","duration":446.54160000000047,"failureMessages":[],"meta":{}},{"ancestorTitles":["ClassScheduleInput"],"fullName":"ClassScheduleInput disables add button and shows message at max 30 classes","status":"passed","title":"disables add button and shows message at max 30 classes","duration":574.7527000000009,"failureMessages":[],"meta":{}},{"ancestorTitles":["ClassScheduleInput"],"fullName":"ClassScheduleInput does not allow adding beyond 30 classes","status":"passed","title":"does not allow adding beyond 30 classes","duration":177.6265000000003,"failureMessages":[],"meta":{}},{"ancestorTitles":["ClassScheduleInput"],"fullName":"ClassScheduleInput sets classes via setter and renders them","status":"passed","title":"sets classes via setter and renders them","duration":233.20559999999932,"failureMessages":[],"meta":{}},{"ancestorTitles":["ClassScheduleInput"],"fullName":"ClassScheduleInput shows empty message when no classes are present","status":"passed","title":"shows empty message when no classes are present","duration":189.5669999999991,"failureMessages":[],"meta":{}},{"ancestorTitles":["ClassScheduleInput - Validation and Error Display (Task 5.2)"],"fullName":"ClassScheduleInput - Validation and Error Display (Task 5.2) displays inline error when end time is equal to start time (Req 1.5)","status":"passed","title":"displays inline error when end time is equal to start time (Req 1.5)","duration":172.28719999999885,"failureMessages":[],"meta":{}},{"ancestorTitles":["ClassScheduleInput - Validation and Error Display (Task 5.2)"],"fullName":"ClassScheduleInput - Validation and Error Display (Task 5.2) displays inline error when end time is earlier than start time (Req 1.5)","status":"passed","title":"displays inline error when end time is earlier than start time (Req 1.5)","duration":159.4177000000018,"failureMessages":[],"meta":{}},{"ancestorTitles":["ClassScheduleInput - Validation and Error Display (Task 5.2)"],"fullName":"ClassScheduleInput - Validation and Error Display (Task 5.2) displays inline error identifying conflicting class names and times for overlaps (Req 1.3)","status":"passed","title":"displays inline error identifying conflicting class names and times for overlaps (Req 1.3)","duration":232.83599999999933,"failureMessages":[],"meta":{}},{"ancestorTitles":["ClassScheduleInput - Validation and Error Display (Task 5.2)"],"fullName":"ClassScheduleInput - Validation and Error Display (Task 5.2) blocks save until overlap conflict is resolved (Req 1.2)","status":"passed","title":"blocks save until overlap conflict is resolved (Req 1.2)","duration":247.21740000000136,"failureMessages":[],"meta":{}},{"ancestorTitles":["ClassScheduleInput - Validation and Error Display (Task 5.2)"],"fullName":"ClassScheduleInput - Validation and Error Display (Task 5.2) persists to localStorage on successful add (Req 1.4)","status":"passed","title":"persists to localStorage on successful add (Req 1.4)","duration":244.58420000000115,"failureMessages":[],"meta":{}},{"ancestorTitles":["ClassScheduleInput - Validation and Error Display (Task 5.2)"],"fullName":"ClassScheduleInput - Validation and Error Display (Task 5.2) persists removal to localStorage","status":"passed","title":"persists removal to localStorage","duration":379.6735000000008,"failureMessages":[],"meta":{}},{"ancestorTitles":["ClassScheduleInput - Validation and Error Display (Task 5.2)"],"fullName":"ClassScheduleInput - Validation and Error Display (Task 5.2) restores classes from localStorage on page load (Req 1.4)","status":"passed","title":"restores classes from localStorage on page load (Req 1.4)","duration":458.21570000000065,"failureMessages":[],"meta":{}},{"ancestorTitles":["ClassScheduleInput - Validation and Error Display (Task 5.2)"],"fullName":"ClassScheduleInput - Validation and Error Display (Task 5.2) does not persist to localStorage when validation fails","status":"passed","title":"does not persist to localStorage when validation fails","duration":285.3631999999998,"failureMessages":[],"meta":{}},{"ancestorTitles":["ClassScheduleInput - Validation and Error Display (Task 5.2)"],"fullName":"ClassScheduleInput - Validation and Error Display (Task 5.2) clears previous errors on new submission attempt","status":"passed","title":"clears previous errors on new submission attempt","duration":296.52170000000115,"failureMessages":[],"meta":{}}],"startTime":1786046903695,"endTime":1786046911177.5217,"status":"passed","message":"","name":"C:/UniGo/js/components/class-schedule-input.test.js"},{"assertionResults":[{"ancestorTitles":["ErrorDisplay"],"fullName":"ErrorDisplay registers as a custom element","status":"passed","title":"registers as a custom element","duration":8.79069999999956,"failureMessages":[],"meta":{}},{"ancestorTitles":["ErrorDisplay"],"fullName":"ErrorDisplay renders a shadow DOM","status":"passed","title":"renders a shadow DOM","duration":21.52020000000084,"failureMessages":[],"meta":{}},{"ancestorTitles":["ErrorDisplay","initial state"],"fullName":"ErrorDisplay initial state is hidden when no error is set","status":"passed","title":"is hidden when no error is set","duration":5.996999999999389,"failureMessages":[],"meta":{}},{"ancestorTitles":["ErrorDisplay","initial state"],"fullName":"ErrorDisplay initial state has error default to null","status":"passed","title":"has error default to null","duration":4.714700000000448,"failureMessages":[],"meta":{}},{"ancestorTitles":["ErrorDisplay","initial state"],"fullName":"ErrorDisplay initial state error container has hidden class when no error","status":"passed","title":"error container has hidden class when no error","duration":4.100099999999657,"failureMessages":[],"meta":{}},{"ancestorTitles":["ErrorDisplay","error display messages (Req 9.1, 9.2, 9.3)"],"fullName":"ErrorDisplay error display messages (Req 9.1, 9.2, 9.3) shows \"Service temporarily unavailable\" for SERVICE_ERROR","status":"passed","title":"shows \"Service temporarily unavailable\" for SERVICE_ERROR","duration":7.360399999999572,"failureMessages":[],"meta":{}},{"ancestorTitles":["ErrorDisplay","error display messages (Req 9.1, 9.2, 9.3)"],"fullName":"ErrorDisplay error display messages (Req 9.1, 9.2, 9.3) shows \"Service temporarily unavailable\" for BEDROCK_ERROR","status":"passed","title":"shows \"Service temporarily unavailable\" for BEDROCK_ERROR","duration":47.67619999999988,"failureMessages":[],"meta":{}},{"ancestorTitles":["ErrorDisplay","error display messages (Req 9.1, 9.2, 9.3)"],"fullName":"ErrorDisplay error display messages (Req 9.1, 9.2, 9.3) shows \"Request took too long\" for TIMEOUT","status":"passed","title":"shows \"Request took too long\" for TIMEOUT","duration":6.043299999999363,"failureMessages":[],"meta":{}},{"ancestorTitles":["ErrorDisplay","error display messages (Req 9.1, 9.2, 9.3)"],"fullName":"ErrorDisplay error display messages (Req 9.1, 9.2, 9.3) shows \"Request took too long\" for BEDROCK_TIMEOUT","status":"passed","title":"shows \"Request took too long\" for BEDROCK_TIMEOUT","duration":6.0649000000012165,"failureMessages":[],"meta":{}},{"ancestorTitles":["ErrorDisplay","error display messages (Req 9.1, 9.2, 9.3)"],"fullName":"ErrorDisplay error display messages (Req 9.1, 9.2, 9.3) shows \"Schedule could not be generated\" for PARSE_ERROR","status":"passed","title":"shows \"Schedule could not be generated\" for PARSE_ERROR","duration":11.496499999999287,"failureMessages":[],"meta":{}},{"ancestorTitles":["ErrorDisplay","error display messages (Req 9.1, 9.2, 9.3)"],"fullName":"ErrorDisplay error display messages (Req 9.1, 9.2, 9.3) shows \"No internet connection\" for NETWORK_ERROR","status":"passed","title":"shows \"No internet connection\" for NETWORK_ERROR","duration":6.212100000000646,"failureMessages":[],"meta":{}},{"ancestorTitles":["ErrorDisplay","error display messages (Req 9.1, 9.2, 9.3)"],"fullName":"ErrorDisplay error display messages (Req 9.1, 9.2, 9.3) shows generic message for unknown error codes","status":"passed","title":"shows generic message for unknown error codes","duration":5.60779999999977,"failureMessages":[],"meta":{}},{"ancestorTitles":["ErrorDisplay","error display messages (Req 9.1, 9.2, 9.3)"],"fullName":"ErrorDisplay error display messages (Req 9.1, 9.2, 9.3) shows error detail message in description","status":"passed","title":"shows error detail message in description","duration":39.452799999999115,"failureMessages":[],"meta":{}},{"ancestorTitles":["ErrorDisplay","error display messages (Req 9.1, 9.2, 9.3)"],"fullName":"ErrorDisplay error display messages (Req 9.1, 9.2, 9.3) shows fallback description when detail matches title","status":"passed","title":"shows fallback description when detail matches title","duration":22.594300000000658,"failureMessages":[],"meta":{}},{"ancestorTitles":["ErrorDisplay","retry button (Req 9.1, 9.2)"],"fullName":"ErrorDisplay retry button (Req 9.1, 9.2) shows retry button for TIMEOUT errors","status":"passed","title":"shows retry button for TIMEOUT errors","duration":4.301400000000285,"failureMessages":[],"meta":{}},{"ancestorTitles":["ErrorDisplay","retry button (Req 9.1, 9.2)"],"fullName":"ErrorDisplay retry button (Req 9.1, 9.2) shows retry button for SERVICE_ERROR","status":"passed","title":"shows retry button for SERVICE_ERROR","duration":4.457800000000134,"failureMessages":[],"meta":{}},{"ancestorTitles":["ErrorDisplay","retry button (Req 9.1, 9.2)"],"fullName":"ErrorDisplay retry button (Req 9.1, 9.2) shows retry button for BEDROCK_TIMEOUT","status":"passed","title":"shows retry button for BEDROCK_TIMEOUT","duration":3.0059999999994034,"failureMessages":[],"meta":{}},{"ancestorTitles":["ErrorDisplay","retry button (Req 9.1, 9.2)"],"fullName":"ErrorDisplay retry button (Req 9.1, 9.2) shows retry button for BEDROCK_ERROR","status":"passed","title":"shows retry button for BEDROCK_ERROR","duration":3.41859999999906,"failureMessages":[],"meta":{}},{"ancestorTitles":["ErrorDisplay","retry button (Req 9.1, 9.2)"],"fullName":"ErrorDisplay retry button (Req 9.1, 9.2) shows retry button for PARSE_ERROR","status":"passed","title":"shows retry button for PARSE_ERROR","duration":3.4279999999998836,"failureMessages":[],"meta":{}},{"ancestorTitles":["ErrorDisplay","retry button (Req 9.1, 9.2)"],"fullName":"ErrorDisplay retry button (Req 9.1, 9.2) shows retry button for NETWORK_ERROR","status":"passed","title":"shows retry button for NETWORK_ERROR","duration":3.3486999999986438,"failureMessages":[],"meta":{}},{"ancestorTitles":["ErrorDisplay","retry button (Req 9.1, 9.2)"],"fullName":"ErrorDisplay retry button (Req 9.1, 9.2) dispatches error-retry event on retry click","status":"passed","title":"dispatches error-retry event on retry click","duration":34.505199999999604,"failureMessages":[],"meta":{}},{"ancestorTitles":["ErrorDisplay","retry button (Req 9.1, 9.2)"],"fullName":"ErrorDisplay retry button (Req 9.1, 9.2) retry button has minimum 44px touch target","status":"passed","title":"retry button has minimum 44px touch target","duration":7.107100000001083,"failureMessages":[],"meta":{}},{"ancestorTitles":["ErrorDisplay","dismiss functionality (Req 9.5)"],"fullName":"ErrorDisplay dismiss functionality (Req 9.5) shows dismiss button when error is displayed","status":"passed","title":"shows dismiss button when error is displayed","duration":88.92649999999958,"failureMessages":[],"meta":{}},{"ancestorTitles":["ErrorDisplay","dismiss functionality (Req 9.5)"],"fullName":"ErrorDisplay dismiss functionality (Req 9.5) hides error on dismiss click","status":"passed","title":"hides error on dismiss click","duration":4.3034999999999854,"failureMessages":[],"meta":{}},{"ancestorTitles":["ErrorDisplay","dismiss functionality (Req 9.5)"],"fullName":"ErrorDisplay dismiss functionality (Req 9.5) dispatches error-dismiss event on dismiss click","status":"passed","title":"dispatches error-dismiss event on dismiss click","duration":3.6965000000000146,"failureMessages":[],"meta":{}},{"ancestorTitles":["ErrorDisplay","dismiss functionality (Req 9.5)"],"fullName":"ErrorDisplay dismiss functionality (Req 9.5) can be dismissed programmatically","status":"passed","title":"can be dismissed programmatically","duration":3.8636999999998807,"failureMessages":[],"meta":{}},{"ancestorTitles":["ErrorDisplay","dismiss functionality (Req 9.5)"],"fullName":"ErrorDisplay dismiss functionality (Req 9.5) error persists until dismissed (Req 9.5)","status":"passed","title":"error persists until dismissed (Req 9.5)","duration":13.526299999999537,"failureMessages":[],"meta":{}},{"ancestorTitles":["ErrorDisplay","loading indicator hide event (Req 9.5)"],"fullName":"ErrorDisplay loading indicator hide event (Req 9.5) dispatches hide-loading event when error is set","status":"passed","title":"dispatches hide-loading event when error is set","duration":3.054599999999482,"failureMessages":[],"meta":{}},{"ancestorTitles":["ErrorDisplay","loading indicator hide event (Req 9.5)"],"fullName":"ErrorDisplay loading indicator hide event (Req 9.5) hide-loading event bubbles and is composed","status":"passed","title":"hide-loading event bubbles and is composed","duration":4.1348999999991065,"failureMessages":[],"meta":{}},{"ancestorTitles":["ErrorDisplay","visibility toggling"],"fullName":"ErrorDisplay visibility toggling becomes visible when error is set","status":"passed","title":"becomes visible when error is set","duration":4.992199999998775,"failureMessages":[],"meta":{}},{"ancestorTitles":["ErrorDisplay","visibility toggling"],"fullName":"ErrorDisplay visibility toggling becomes hidden when error is cleared","status":"passed","title":"becomes hidden when error is cleared","duration":3.3289999999997235,"failureMessages":[],"meta":{}},{"ancestorTitles":["ErrorDisplay","visibility toggling"],"fullName":"ErrorDisplay visibility toggling handles setting error before mount","status":"passed","title":"handles setting error before mount","duration":3.5821999999989202,"failureMessages":[],"meta":{}},{"ancestorTitles":["ErrorDisplay","accessibility"],"fullName":"ErrorDisplay accessibility error container has role=\"alert\"","status":"passed","title":"error container has role=\"alert\"","duration":25.894200000000637,"failureMessages":[],"meta":{}},{"ancestorTitles":["ErrorDisplay","accessibility"],"fullName":"ErrorDisplay accessibility error container has aria-live=\"assertive\"","status":"passed","title":"error container has aria-live=\"assertive\"","duration":2.720899999998437,"failureMessages":[],"meta":{}},{"ancestorTitles":["ErrorDisplay","accessibility"],"fullName":"ErrorDisplay accessibility icon is aria-hidden","status":"passed","title":"icon is aria-hidden","duration":35.736400000001595,"failureMessages":[],"meta":{}},{"ancestorTitles":["ErrorDisplay","static helper methods"],"fullName":"ErrorDisplay static helper methods getMessageForCode returns correct messages","status":"passed","title":"getMessageForCode returns correct messages","duration":1.7057999999997264,"failureMessages":[],"meta":{}},{"ancestorTitles":["ErrorDisplay","static helper methods"],"fullName":"ErrorDisplay static helper methods isRetryable identifies retryable error codes","status":"passed","title":"isRetryable identifies retryable error codes","duration":1.3402999999998428,"failureMessages":[],"meta":{}},{"ancestorTitles":["ErrorDisplay","error state transitions"],"fullName":"ErrorDisplay error state transitions can switch between different errors","status":"passed","title":"can switch between different errors","duration":3.7541999999994005,"failureMessages":[],"meta":{}},{"ancestorTitles":["ErrorDisplay","error state transitions"],"fullName":"ErrorDisplay error state transitions clears old error when new error is set (new request clears old)","status":"passed","title":"clears old error when new error is set (new request clears old)","duration":4.198200000000725,"failureMessages":[],"meta":{}}],"startTime":1786046905634,"endTime":1786046906107.1982,"status":"passed","message":"","name":"C:/UniGo/js/components/error-display.test.js"},{"assertionResults":[{"ancestorTitles":["AppNavigation","Initialization"],"fullName":"AppNavigation Initialization should render as a custom element","status":"passed","title":"should render as a custom element","duration":134.41610000000037,"failureMessages":[],"meta":{}},{"ancestorTitles":["AppNavigation","Initialization"],"fullName":"AppNavigation Initialization should default to schedule route","status":"passed","title":"should default to schedule route","duration":39.76310000000012,"failureMessages":[],"meta":{}},{"ancestorTitles":["AppNavigation","Initialization"],"fullName":"AppNavigation Initialization should default to monday day","status":"passed","title":"should default to monday day","duration":30.588700000000244,"failureMessages":[],"meta":{}},{"ancestorTitles":["AppNavigation","Initialization"],"fullName":"AppNavigation Initialization should render nav title","status":"passed","title":"should render nav title","duration":29.913700000000972,"failureMessages":[],"meta":{}},{"ancestorTitles":["AppNavigation","Route navigation"],"fullName":"AppNavigation Route navigation should render route links for schedule, classes, preferences","status":"passed","title":"should render route links for schedule, classes, preferences","duration":25.221999999999753,"failureMessages":[],"meta":{}},{"ancestorTitles":["AppNavigation","Route navigation"],"fullName":"AppNavigation Route navigation should mark current route as active","status":"passed","title":"should mark current route as active","duration":110.28620000000046,"failureMessages":[],"meta":{}},{"ancestorTitles":["AppNavigation","Route navigation"],"fullName":"AppNavigation Route navigation should dispatch nav-change event when route link is clicked","status":"passed","title":"should dispatch nav-change event when route link is clicked","duration":46.48919999999998,"failureMessages":[],"meta":{}},{"ancestorTitles":["AppNavigation","Route navigation"],"fullName":"AppNavigation Route navigation should update active state when route property is set","status":"passed","title":"should update active state when route property is set","duration":36.460800000000745,"failureMessages":[],"meta":{}},{"ancestorTitles":["AppNavigation","Route navigation"],"fullName":"AppNavigation Route navigation should not dispatch nav-change when clicking already active route","status":"passed","title":"should not dispatch nav-change when clicking already active route","duration":38.31550000000061,"failureMessages":[],"meta":{}},{"ancestorTitles":["AppNavigation","Day selector tabs"],"fullName":"AppNavigation Day selector tabs should display day tabs when on schedule route","status":"passed","title":"should display day tabs when on schedule route","duration":21.828199999999924,"failureMessages":[],"meta":{}},{"ancestorTitles":["AppNavigation","Day selector tabs"],"fullName":"AppNavigation Day selector tabs should not display day tabs on non-schedule routes","status":"passed","title":"should not display day tabs on non-schedule routes","duration":65.10739999999896,"failureMessages":[],"meta":{}},{"ancestorTitles":["AppNavigation","Day selector tabs"],"fullName":"AppNavigation Day selector tabs should mark the current day as active","status":"passed","title":"should mark the current day as active","duration":57.18450000000121,"failureMessages":[],"meta":{}},{"ancestorTitles":["AppNavigation","Day selector tabs"],"fullName":"AppNavigation Day selector tabs should dispatch day-change event when day tab is clicked","status":"passed","title":"should dispatch day-change event when day tab is clicked","duration":25.470799999999144,"failureMessages":[],"meta":{}},{"ancestorTitles":["AppNavigation","Day selector tabs"],"fullName":"AppNavigation Day selector tabs should not dispatch day-change when clicking already active day","status":"passed","title":"should not dispatch day-change when clicking already active day","duration":18.592000000000553,"failureMessages":[],"meta":{}},{"ancestorTitles":["AppNavigation","Day selector tabs"],"fullName":"AppNavigation Day selector tabs should show abbreviated day labels (Mon, Tue, etc.)","status":"passed","title":"should show abbreviated day labels (Mon, Tue, etc.)","duration":55.97019999999975,"failureMessages":[],"meta":{}},{"ancestorTitles":["AppNavigation","Responsive behavior"],"fullName":"AppNavigation Responsive behavior should have nav-link elements with min-height style for touch targets","status":"passed","title":"should have nav-link elements with min-height style for touch targets","duration":52.73489999999947,"failureMessages":[],"meta":{}},{"ancestorTitles":["AppNavigation","Responsive behavior"],"fullName":"AppNavigation Responsive behavior should have day-tab elements with min-height style for touch targets","status":"passed","title":"should have day-tab elements with min-height style for touch targets","duration":63.47809999999845,"failureMessages":[],"meta":{}},{"ancestorTitles":["AppNavigation","Responsive behavior"],"fullName":"AppNavigation Responsive behavior should have min font size of 16px in styles","status":"passed","title":"should have min font size of 16px in styles","duration":38.509100000001126,"failureMessages":[],"meta":{}},{"ancestorTitles":["AppNavigation","Attribute changes"],"fullName":"AppNavigation Attribute changes should respond to route attribute changes","status":"passed","title":"should respond to route attribute changes","duration":31.94210000000021,"failureMessages":[],"meta":{}},{"ancestorTitles":["AppNavigation","Attribute changes"],"fullName":"AppNavigation Attribute changes should respond to day attribute changes","status":"passed","title":"should respond to day attribute changes","duration":40.124799999999595,"failureMessages":[],"meta":{}},{"ancestorTitles":["AppNavigation","Mobile menu"],"fullName":"AppNavigation Mobile menu should have hamburger button when in mobile mode","status":"passed","title":"should have hamburger button when in mobile mode","duration":31.803200000000288,"failureMessages":[],"meta":{}},{"ancestorTitles":["AppNavigation","Mobile menu"],"fullName":"AppNavigation Mobile menu should toggle menu open state when hamburger is clicked","status":"passed","title":"should toggle menu open state when hamburger is clicked","duration":58.59139999999934,"failureMessages":[],"meta":{}},{"ancestorTitles":["AppNavigation","Mobile menu"],"fullName":"AppNavigation Mobile menu should close menu when overlay is clicked","status":"passed","title":"should close menu when overlay is clicked","duration":111.13090000000011,"failureMessages":[],"meta":{}},{"ancestorTitles":["AppNavigation","Mobile menu"],"fullName":"AppNavigation Mobile menu should close menu when a route is selected","status":"passed","title":"should close menu when a route is selected","duration":90.54750000000058,"failureMessages":[],"meta":{}},{"ancestorTitles":["AppNavigation","Mobile menu"],"fullName":"AppNavigation Mobile menu should show mobile overlay when menu is open","status":"passed","title":"should show mobile overlay when menu is open","duration":44.98459999999977,"failureMessages":[],"meta":{}}],"startTime":1786046914390,"endTime":1786046915698.9846,"status":"passed","message":"","name":"C:/UniGo/js/components/navigation.test.js"},{"assertionResults":[{"ancestorTitles":["ScheduleView"],"fullName":"ScheduleView registers as a custom element","status":"passed","title":"registers as a custom element","duration":9.970500000001266,"failureMessages":[],"meta":{}},{"ancestorTitles":["ScheduleView"],"fullName":"ScheduleView renders a shadow DOM","status":"passed","title":"renders a shadow DOM","duration":39.27490000000034,"failureMessages":[],"meta":{}},{"ancestorTitles":["ScheduleView","legend (Req 7.2)"],"fullName":"ScheduleView legend (Req 7.2) displays a legend with all block types","status":"passed","title":"displays a legend with all block types","duration":47.565200000000914,"failureMessages":[],"meta":{}},{"ancestorTitles":["ScheduleView","legend (Req 7.2)"],"fullName":"ScheduleView legend (Req 7.2) legend contains correct labels","status":"passed","title":"legend contains correct labels","duration":42.11739999999918,"failureMessages":[],"meta":{}},{"ancestorTitles":["ScheduleView","legend (Req 7.2)"],"fullName":"ScheduleView legend (Req 7.2) legend has color swatches for each type","status":"passed","title":"legend has color swatches for each type","duration":50.77380000000085,"failureMessages":[],"meta":{}},{"ancestorTitles":["ScheduleView","legend (Req 7.2)"],"fullName":"ScheduleView legend (Req 7.2) legend has icons for each type","status":"passed","title":"legend has icons for each type","duration":30.522399999999834,"failureMessages":[],"meta":{}},{"ancestorTitles":["ScheduleView","legend (Req 7.2)"],"fullName":"ScheduleView legend (Req 7.2) legend has role=\"list\" and items have role=\"listitem\"","status":"passed","title":"legend has role=\"list\" and items have role=\"listitem\"","duration":89.27360000000044,"failureMessages":[],"meta":{}},{"ancestorTitles":["ScheduleView","empty state (Req 7.5)"],"fullName":"ScheduleView empty state (Req 7.5) shows empty state when no blocks are set","status":"passed","title":"shows empty state when no blocks are set","duration":64.83600000000115,"failureMessages":[],"meta":{}},{"ancestorTitles":["ScheduleView","empty state (Req 7.5)"],"fullName":"ScheduleView empty state (Req 7.5) shows \"No schedule available\" message","status":"passed","title":"shows \"No schedule available\" message","duration":22.89680000000044,"failureMessages":[],"meta":{}},{"ancestorTitles":["ScheduleView","empty state (Req 7.5)"],"fullName":"ScheduleView empty state (Req 7.5) shows generate prompt message","status":"passed","title":"shows generate prompt message","duration":79.73749999999927,"failureMessages":[],"meta":{}},{"ancestorTitles":["ScheduleView","empty state (Req 7.5)"],"fullName":"ScheduleView empty state (Req 7.5) hides timeline when empty","status":"passed","title":"hides timeline when empty","duration":17.628899999999703,"failureMessages":[],"meta":{}},{"ancestorTitles":["ScheduleView","empty state (Req 7.5)"],"fullName":"ScheduleView empty state (Req 7.5) hides loading when empty and not loading","status":"passed","title":"hides loading when empty and not loading","duration":37.435199999999895,"failureMessages":[],"meta":{}},{"ancestorTitles":["ScheduleView","loading state"],"fullName":"ScheduleView loading state shows loading state when loading is true","status":"passed","title":"shows loading state when loading is true","duration":57.08220000000074,"failureMessages":[],"meta":{}},{"ancestorTitles":["ScheduleView","loading state"],"fullName":"ScheduleView loading state shows spinner during loading","status":"passed","title":"shows spinner during loading","duration":54.43509999999878,"failureMessages":[],"meta":{}},{"ancestorTitles":["ScheduleView","loading state"],"fullName":"ScheduleView loading state shows loading text","status":"passed","title":"shows loading text","duration":48.74719999999979,"failureMessages":[],"meta":{}},{"ancestorTitles":["ScheduleView","loading state"],"fullName":"ScheduleView loading state hides empty state during loading","status":"passed","title":"hides empty state during loading","duration":16.33860000000095,"failureMessages":[],"meta":{}},{"ancestorTitles":["ScheduleView","loading state"],"fullName":"ScheduleView loading state hides timeline during loading","status":"passed","title":"hides timeline during loading","duration":40.86330000000089,"failureMessages":[],"meta":{}},{"ancestorTitles":["ScheduleView","loading state"],"fullName":"ScheduleView loading state loading state has aria-live=\"polite\" for accessibility","status":"passed","title":"loading state has aria-live=\"polite\" for accessibility","duration":36.642900000000736,"failureMessages":[],"meta":{}},{"ancestorTitles":["ScheduleView","loading state"],"fullName":"ScheduleView loading state transitions from loading to timeline when blocks arrive","status":"passed","title":"transitions from loading to timeline when blocks arrive","duration":72.59950000000026,"failureMessages":[],"meta":{}},{"ancestorTitles":["ScheduleView","timeline rendering (Req 7.1, 7.3)"],"fullName":"ScheduleView timeline rendering (Req 7.1, 7.3) shows timeline when blocks are set","status":"passed","title":"shows timeline when blocks are set","duration":155.448699999999,"failureMessages":[],"meta":{}},{"ancestorTitles":["ScheduleView","timeline rendering (Req 7.1, 7.3)"],"fullName":"ScheduleView timeline rendering (Req 7.1, 7.3) hides empty state when blocks are present","status":"passed","title":"hides empty state when blocks are present","duration":31.907799999999042,"failureMessages":[],"meta":{}},{"ancestorTitles":["ScheduleView","timeline rendering (Req 7.1, 7.3)"],"fullName":"ScheduleView timeline rendering (Req 7.1, 7.3) renders time-block-renderer elements for each block","status":"passed","title":"renders time-block-renderer elements for each block","duration":97.44160000000011,"failureMessages":[],"meta":{}},{"ancestorTitles":["ScheduleView","timeline rendering (Req 7.1, 7.3)"],"fullName":"ScheduleView timeline rendering (Req 7.1, 7.3) displays blocks in chronological order (Req 7.3)","status":"passed","title":"displays blocks in chronological order (Req 7.3)","duration":17.8700000000008,"failureMessages":[],"meta":{}},{"ancestorTitles":["ScheduleView","timeline rendering (Req 7.1, 7.3)"],"fullName":"ScheduleView timeline rendering (Req 7.1, 7.3) each block renderer has correct attributes","status":"passed","title":"each block renderer has correct attributes","duration":101.29980000000069,"failureMessages":[],"meta":{}},{"ancestorTitles":["ScheduleView","timeline rendering (Req 7.1, 7.3)"],"fullName":"ScheduleView timeline rendering (Req 7.1, 7.3) renders time axis labels at hour boundaries","status":"passed","title":"renders time axis labels at hour boundaries","duration":48.055599999999686,"failureMessages":[],"meta":{}},{"ancestorTitles":["ScheduleView","timeline rendering (Req 7.1, 7.3)"],"fullName":"ScheduleView timeline rendering (Req 7.1, 7.3) positions blocks using absolute positioning within the timeline","status":"passed","title":"positions blocks using absolute positioning within the timeline","duration":18.698099999999613,"failureMessages":[],"meta":{}},{"ancestorTitles":["ScheduleView","timeline rendering (Req 7.1, 7.3)"],"fullName":"ScheduleView timeline rendering (Req 7.1, 7.3) sets block height proportional to duration","status":"passed","title":"sets block height proportional to duration","duration":54.70429999999942,"failureMessages":[],"meta":{}},{"ancestorTitles":["ScheduleView","class blocks alongside generated blocks (Req 7.3)"],"fullName":"ScheduleView class blocks alongside generated blocks (Req 7.3) renders class blocks and generated blocks together","status":"passed","title":"renders class blocks and generated blocks together","duration":28.178899999998976,"failureMessages":[],"meta":{}},{"ancestorTitles":["ScheduleView","responsive design (Req 7.4)"],"fullName":"ScheduleView responsive design (Req 7.4) has min-width of 600px on desktop in the schedule container","status":"passed","title":"has min-width of 600px on desktop in the schedule container","duration":51.206600000001345,"failureMessages":[],"meta":{}},{"ancestorTitles":["ScheduleView","responsive design (Req 7.4)"],"fullName":"ScheduleView responsive design (Req 7.4) has full-width on mobile via media query","status":"passed","title":"has full-width on mobile via media query","duration":17.996399999999994,"failureMessages":[],"meta":{}},{"ancestorTitles":["ScheduleView","responsive design (Req 7.4)"],"fullName":"ScheduleView responsive design (Req 7.4) has minimum 14px font size in legend items","status":"passed","title":"has minimum 14px font size in legend items","duration":8.362699999999677,"failureMessages":[],"meta":{}},{"ancestorTitles":["ScheduleView","scale property"],"fullName":"ScheduleView scale property uses default scale of 2 pixels per minute","status":"passed","title":"uses default scale of 2 pixels per minute","duration":6.604199999999764,"failureMessages":[],"meta":{}},{"ancestorTitles":["ScheduleView","scale property"],"fullName":"ScheduleView scale property allows custom scale via property","status":"passed","title":"allows custom scale via property","duration":39.730500000001484,"failureMessages":[],"meta":{}},{"ancestorTitles":["ScheduleView","scale property"],"fullName":"ScheduleView scale property passes scale to time-block-renderer elements","status":"passed","title":"passes scale to time-block-renderer elements","duration":44.722900000000664,"failureMessages":[],"meta":{}},{"ancestorTitles":["ScheduleView","scale property"],"fullName":"ScheduleView scale property rejects invalid scale values","status":"passed","title":"rejects invalid scale values","duration":25.42019999999866,"failureMessages":[],"meta":{}},{"ancestorTitles":["ScheduleView","blocks property"],"fullName":"ScheduleView blocks property defaults to empty array","status":"passed","title":"defaults to empty array","duration":26.57589999999982,"failureMessages":[],"meta":{}},{"ancestorTitles":["ScheduleView","blocks property"],"fullName":"ScheduleView blocks property accepts an array of block objects","status":"passed","title":"accepts an array of block objects","duration":14.723299999999654,"failureMessages":[],"meta":{}},{"ancestorTitles":["ScheduleView","blocks property"],"fullName":"ScheduleView blocks property handles non-array input gracefully","status":"passed","title":"handles non-array input gracefully","duration":6.899799999999232,"failureMessages":[],"meta":{}},{"ancestorTitles":["ScheduleView","blocks property"],"fullName":"ScheduleView blocks property re-renders when blocks change","status":"passed","title":"re-renders when blocks change","duration":43.30950000000121,"failureMessages":[],"meta":{}},{"ancestorTitles":["ScheduleView","blocks property"],"fullName":"ScheduleView blocks property shows empty state when blocks are cleared","status":"passed","title":"shows empty state when blocks are cleared","duration":22.87760000000162,"failureMessages":[],"meta":{}},{"ancestorTitles":["ScheduleView","edge cases"],"fullName":"ScheduleView edge cases handles single block","status":"passed","title":"handles single block","duration":11.805199999998877,"failureMessages":[],"meta":{}},{"ancestorTitles":["ScheduleView","edge cases"],"fullName":"ScheduleView edge cases handles blocks with missing location","status":"passed","title":"handles blocks with missing location","duration":175.21860000000015,"failureMessages":[],"meta":{}},{"ancestorTitles":["ScheduleView","edge cases"],"fullName":"ScheduleView edge cases does not render before connected","status":"passed","title":"does not render before connected","duration":51.03830000000016,"failureMessages":[],"meta":{}},{"ancestorTitles":["ScheduleView","regeneration controls (Req 10.1, 10.2, 10.3)"],"fullName":"ScheduleView regeneration controls (Req 10.1, 10.2, 10.3) hides regenerate button when no blocks are displayed","status":"passed","title":"hides regenerate button when no blocks are displayed","duration":23.709399999999732,"failureMessages":[],"meta":{}},{"ancestorTitles":["ScheduleView","regeneration controls (Req 10.1, 10.2, 10.3)"],"fullName":"ScheduleView regeneration controls (Req 10.1, 10.2, 10.3) shows regenerate button when blocks are displayed","status":"passed","title":"shows regenerate button when blocks are displayed","duration":26.90899999999965,"failureMessages":[],"meta":{}},{"ancestorTitles":["ScheduleView","regeneration controls (Req 10.1, 10.2, 10.3)"],"fullName":"ScheduleView regeneration controls (Req 10.1, 10.2, 10.3) hides regenerate button during loading","status":"passed","title":"hides regenerate button during loading","duration":40.64519999999902,"failureMessages":[],"meta":{}},{"ancestorTitles":["ScheduleView","regeneration controls (Req 10.1, 10.2, 10.3)"],"fullName":"ScheduleView regeneration controls (Req 10.1, 10.2, 10.3) shows regeneration count indicator (Req 10.3)","status":"passed","title":"shows regeneration count indicator (Req 10.3)","duration":37.23449999999866,"failureMessages":[],"meta":{}},{"ancestorTitles":["ScheduleView","regeneration controls (Req 10.1, 10.2, 10.3)"],"fullName":"ScheduleView regeneration controls (Req 10.1, 10.2, 10.3) shows 0/5 when no regenerations have been used","status":"passed","title":"shows 0/5 when no regenerations have been used","duration":33.57259999999951,"failureMessages":[],"meta":{}},{"ancestorTitles":["ScheduleView","regeneration controls (Req 10.1, 10.2, 10.3)"],"fullName":"ScheduleView regeneration controls (Req 10.1, 10.2, 10.3) disables button when regeneration limit (5) is reached (Req 10.3)","status":"passed","title":"disables button when regeneration limit (5) is reached (Req 10.3)","duration":28.122000000001208,"failureMessages":[],"meta":{}},{"ancestorTitles":["ScheduleView","regeneration controls (Req 10.1, 10.2, 10.3)"],"fullName":"ScheduleView regeneration controls (Req 10.1, 10.2, 10.3) enables button when under the regeneration limit","status":"passed","title":"enables button when under the regeneration limit","duration":50.371900000000096,"failureMessages":[],"meta":{}},{"ancestorTitles":["ScheduleView","regeneration controls (Req 10.1, 10.2, 10.3)"],"fullName":"ScheduleView regeneration controls (Req 10.1, 10.2, 10.3) shows count 5/5 and disabled button at max","status":"passed","title":"shows count 5/5 and disabled button at max","duration":32.890299999999115,"failureMessages":[],"meta":{}},{"ancestorTitles":["ScheduleView","regeneration controls (Req 10.1, 10.2, 10.3)"],"fullName":"ScheduleView regeneration controls (Req 10.1, 10.2, 10.3) calls API with incremented seed on regenerate click (Req 10.1)","status":"passed","title":"calls API with incremented seed on regenerate click (Req 10.1)","duration":119.65359999999964,"failureMessages":[],"meta":{}},{"ancestorTitles":["ScheduleView","regeneration controls (Req 10.1, 10.2, 10.3)"],"fullName":"ScheduleView regeneration controls (Req 10.1, 10.2, 10.3) increments regeneration count in storage after successful regeneration (Req 10.3)","status":"passed","title":"increments regeneration count in storage after successful regeneration (Req 10.3)","duration":114.21599999999853,"failureMessages":[],"meta":{}},{"ancestorTitles":["ScheduleView","regeneration controls (Req 10.1, 10.2, 10.3)"],"fullName":"ScheduleView regeneration controls (Req 10.1, 10.2, 10.3) replaces displayed schedule after successful regeneration (Req 10.2)","status":"passed","title":"replaces displayed schedule after successful regeneration (Req 10.2)","duration":90.97829999999885,"failureMessages":[],"meta":{}},{"ancestorTitles":["ScheduleView","regeneration controls (Req 10.1, 10.2, 10.3)"],"fullName":"ScheduleView regeneration controls (Req 10.1, 10.2, 10.3) dispatches schedule-regenerated event on success","status":"passed","title":"dispatches schedule-regenerated event on success","duration":66.92770000000019,"failureMessages":[],"meta":{}},{"ancestorTitles":["ScheduleView","regeneration controls (Req 10.1, 10.2, 10.3)"],"fullName":"ScheduleView regeneration controls (Req 10.1, 10.2, 10.3) dispatches regeneration-error event on API failure","status":"passed","title":"dispatches regeneration-error event on API failure","duration":62.498499999999694,"failureMessages":[],"meta":{}},{"ancestorTitles":["ScheduleView","regeneration controls (Req 10.1, 10.2, 10.3)"],"fullName":"ScheduleView regeneration controls (Req 10.1, 10.2, 10.3) does not call API when limit is reached","status":"passed","title":"does not call API when limit is reached","duration":59.658800000001065,"failureMessages":[],"meta":{}},{"ancestorTitles":["ScheduleView","regeneration controls (Req 10.1, 10.2, 10.3)"],"fullName":"ScheduleView regeneration controls (Req 10.1, 10.2, 10.3) shows loading state during regeneration","status":"passed","title":"shows loading state during regeneration","duration":79.8724000000002,"failureMessages":[],"meta":{}},{"ancestorTitles":["ScheduleView","regeneration controls (Req 10.1, 10.2, 10.3)"],"fullName":"ScheduleView regeneration controls (Req 10.1, 10.2, 10.3) has 44px minimum touch target on regenerate button (Req 8.1)","status":"passed","title":"has 44px minimum touch target on regenerate button (Req 8.1)","duration":43.72540000000117,"failureMessages":[],"meta":{}},{"ancestorTitles":["ScheduleView","regeneration controls (Req 10.1, 10.2, 10.3)"],"fullName":"ScheduleView regeneration controls (Req 10.1, 10.2, 10.3) tracks day and gapIndex properties","status":"passed","title":"tracks day and gapIndex properties","duration":18.12539999999899,"failureMessages":[],"meta":{}},{"ancestorTitles":["ScheduleView","regeneration controls (Req 10.1, 10.2, 10.3)"],"fullName":"ScheduleView regeneration controls (Req 10.1, 10.2, 10.3) rejects invalid day values","status":"passed","title":"rejects invalid day values","duration":6.564000000000306,"failureMessages":[],"meta":{}},{"ancestorTitles":["ScheduleView","regeneration controls (Req 10.1, 10.2, 10.3)"],"fullName":"ScheduleView regeneration controls (Req 10.1, 10.2, 10.3) defaults gapIndex to 0 for invalid values","status":"passed","title":"defaults gapIndex to 0 for invalid values","duration":38.88589999999931,"failureMessages":[],"meta":{}}],"startTime":1786046904598,"endTime":1786046907577.886,"status":"passed","message":"","name":"C:/UniGo/js/components/schedule-view.test.js"},{"assertionResults":[{"ancestorTitles":["TimeBlockRenderer"],"fullName":"TimeBlockRenderer registers as a custom element","status":"passed","title":"registers as a custom element","duration":8.804000000000087,"failureMessages":[],"meta":{}},{"ancestorTitles":["TimeBlockRenderer"],"fullName":"TimeBlockRenderer renders a shadow DOM with time-block container","status":"passed","title":"renders a shadow DOM with time-block container","duration":27.160099999999147,"failureMessages":[],"meta":{}},{"ancestorTitles":["TimeBlockRenderer"],"fullName":"TimeBlockRenderer displays the block name","status":"passed","title":"displays the block name","duration":10.378399999999601,"failureMessages":[],"meta":{}},{"ancestorTitles":["TimeBlockRenderer"],"fullName":"TimeBlockRenderer displays times in 12-hour format","status":"passed","title":"displays times in 12-hour format","duration":4.37460000000101,"failureMessages":[],"meta":{}},{"ancestorTitles":["TimeBlockRenderer"],"fullName":"TimeBlockRenderer displays the location","status":"passed","title":"displays the location","duration":3.6206999999994878,"failureMessages":[],"meta":{}},{"ancestorTitles":["TimeBlockRenderer","block type color/icon coding (Req 7.2)"],"fullName":"TimeBlockRenderer block type color/icon coding (Req 7.2) applies class styling with book icon","status":"passed","title":"applies class styling with book icon","duration":4.684299999998984,"failureMessages":[],"meta":{}},{"ancestorTitles":["TimeBlockRenderer","block type color/icon coding (Req 7.2)"],"fullName":"TimeBlockRenderer block type color/icon coding (Req 7.2) applies transit styling with walking icon","status":"passed","title":"applies transit styling with walking icon","duration":3.853800000000774,"failureMessages":[],"meta":{}},{"ancestorTitles":["TimeBlockRenderer","block type color/icon coding (Req 7.2)"],"fullName":"TimeBlockRenderer block type color/icon coding (Req 7.2) applies meal styling with plate icon","status":"passed","title":"applies meal styling with plate icon","duration":48.52759999999944,"failureMessages":[],"meta":{}},{"ancestorTitles":["TimeBlockRenderer","block type color/icon coding (Req 7.2)"],"fullName":"TimeBlockRenderer block type color/icon coding (Req 7.2) applies activity styling with star icon","status":"passed","title":"applies activity styling with star icon","duration":22.59310000000005,"failureMessages":[],"meta":{}},{"ancestorTitles":["TimeBlockRenderer","block type color/icon coding (Req 7.2)"],"fullName":"TimeBlockRenderer block type color/icon coding (Req 7.2) each block type has a unique color","status":"passed","title":"each block type has a unique color","duration":66.26670000000013,"failureMessages":[],"meta":{}},{"ancestorTitles":["TimeBlockRenderer","proportional height (Req 7.1)"],"fullName":"TimeBlockRenderer proportional height (Req 7.1) sets height proportional to duration with default scale","status":"passed","title":"sets height proportional to duration with default scale","duration":10.619200000001001,"failureMessages":[],"meta":{}},{"ancestorTitles":["TimeBlockRenderer","proportional height (Req 7.1)"],"fullName":"TimeBlockRenderer proportional height (Req 7.1) sets height proportional to duration with custom scale","status":"passed","title":"sets height proportional to duration with custom scale","duration":35.42629999999917,"failureMessages":[],"meta":{}},{"ancestorTitles":["TimeBlockRenderer","proportional height (Req 7.1)"],"fullName":"TimeBlockRenderer proportional height (Req 7.1) shorter blocks get smaller height","status":"passed","title":"shorter blocks get smaller height","duration":25.066100000000006,"failureMessages":[],"meta":{}},{"ancestorTitles":["TimeBlockRenderer","proportional height (Req 7.1)"],"fullName":"TimeBlockRenderer proportional height (Req 7.1) handles 5-minute blocks","status":"passed","title":"handles 5-minute blocks","duration":4.27390000000014,"failureMessages":[],"meta":{}},{"ancestorTitles":["TimeBlockRenderer","accessibility"],"fullName":"TimeBlockRenderer accessibility sets aria-label with type and name","status":"passed","title":"sets aria-label with type and name","duration":3.736000000000786,"failureMessages":[],"meta":{}},{"ancestorTitles":["TimeBlockRenderer","accessibility"],"fullName":"TimeBlockRenderer accessibility hides icon from screen readers","status":"passed","title":"hides icon from screen readers","duration":9.234400000001187,"failureMessages":[],"meta":{}},{"ancestorTitles":["TimeBlockRenderer","minimum font size on mobile (Req 7.4)"],"fullName":"TimeBlockRenderer minimum font size on mobile (Req 7.4) text elements have minimum 14px font size","status":"passed","title":"text elements have minimum 14px font size","duration":5.0208999999995285,"failureMessages":[],"meta":{}},{"ancestorTitles":["TimeBlockRenderer","attribute changes"],"fullName":"TimeBlockRenderer attribute changes updates rendering when attributes change","status":"passed","title":"updates rendering when attributes change","duration":10.044599999999264,"failureMessages":[],"meta":{}},{"ancestorTitles":["TimeBlockRenderer","attribute changes"],"fullName":"TimeBlockRenderer attribute changes updates block type styling when type changes","status":"passed","title":"updates block type styling when type changes","duration":8.407800000000861,"failureMessages":[],"meta":{}},{"ancestorTitles":["TimeBlockRenderer","edge cases"],"fullName":"TimeBlockRenderer edge cases handles missing attributes gracefully","status":"passed","title":"handles missing attributes gracefully","duration":4.408400000000256,"failureMessages":[],"meta":{}},{"ancestorTitles":["TimeBlockRenderer","edge cases"],"fullName":"TimeBlockRenderer edge cases handles unknown block type with default styling","status":"passed","title":"handles unknown block type with default styling","duration":13.6200000000008,"failureMessages":[],"meta":{}},{"ancestorTitles":["TimeBlockRenderer","edge cases"],"fullName":"TimeBlockRenderer edge cases handles invalid time format without crashing","status":"passed","title":"handles invalid time format without crashing","duration":6.41019999999844,"failureMessages":[],"meta":{}}],"startTime":1786046904596,"endTime":1786046904935.4102,"status":"passed","message":"","name":"C:/UniGo/js/components/time-block-renderer.test.js"},{"assertionResults":[{"ancestorTitles":["UserPreferencesInput","rendering"],"fullName":"UserPreferencesInput rendering renders as a custom element with shadow DOM","status":"passed","title":"renders as a custom element with shadow DOM","duration":228.52880000000005,"failureMessages":[],"meta":{}},{"ancestorTitles":["UserPreferencesInput","rendering"],"fullName":"UserPreferencesInput rendering renders activity checkboxes for all categories","status":"passed","title":"renders activity checkboxes for all categories","duration":115.42779999999948,"failureMessages":[],"meta":{}},{"ancestorTitles":["UserPreferencesInput","rendering"],"fullName":"UserPreferencesInput rendering renders dietary restriction checkboxes","status":"passed","title":"renders dietary restriction checkboxes","duration":26.62380000000121,"failureMessages":[],"meta":{}},{"ancestorTitles":["UserPreferencesInput","rendering"],"fullName":"UserPreferencesInput rendering renders meal type checkboxes","status":"passed","title":"renders meal type checkboxes","duration":67.95490000000063,"failureMessages":[],"meta":{}},{"ancestorTitles":["UserPreferencesInput","rendering"],"fullName":"UserPreferencesInput rendering renders a save button","status":"passed","title":"renders a save button","duration":70.75829999999951,"failureMessages":[],"meta":{}},{"ancestorTitles":["UserPreferencesInput","rendering"],"fullName":"UserPreferencesInput rendering has minimum 44x44px touch targets on interactive elements","status":"passed","title":"has minimum 44x44px touch targets on interactive elements","duration":37.26289999999972,"failureMessages":[],"meta":{}},{"ancestorTitles":["UserPreferencesInput","activity selection and ranking"],"fullName":"UserPreferencesInput activity selection and ranking adds selected activity to ranked list","status":"passed","title":"adds selected activity to ranked list","duration":155.75990000000093,"failureMessages":[],"meta":{}},{"ancestorTitles":["UserPreferencesInput","activity selection and ranking"],"fullName":"UserPreferencesInput activity selection and ranking removes deselected activity from ranked list","status":"passed","title":"removes deselected activity from ranked list","duration":205.3607000000011,"failureMessages":[],"meta":{}},{"ancestorTitles":["UserPreferencesInput","activity selection and ranking"],"fullName":"UserPreferencesInput activity selection and ranking moves activity up in ranking","status":"passed","title":"moves activity up in ranking","duration":123.21509999999944,"failureMessages":[],"meta":{}},{"ancestorTitles":["UserPreferencesInput","activity selection and ranking"],"fullName":"UserPreferencesInput activity selection and ranking moves activity down in ranking","status":"passed","title":"moves activity down in ranking","duration":239.7481000000007,"failureMessages":[],"meta":{}},{"ancestorTitles":["UserPreferencesInput","activity selection and ranking"],"fullName":"UserPreferencesInput activity selection and ranking disables move-up on first item and move-down on last item","status":"passed","title":"disables move-up on first item and move-down on last item","duration":108.83940000000075,"failureMessages":[],"meta":{}},{"ancestorTitles":["UserPreferencesInput","dietary restrictions"],"fullName":"UserPreferencesInput dietary restrictions selects dietary restrictions","status":"passed","title":"selects dietary restrictions","duration":71.20710000000145,"failureMessages":[],"meta":{}},{"ancestorTitles":["UserPreferencesInput","dietary restrictions"],"fullName":"UserPreferencesInput dietary restrictions deselects all others when \"none\" is selected","status":"passed","title":"deselects all others when \"none\" is selected","duration":93.90190000000075,"failureMessages":[],"meta":{}},{"ancestorTitles":["UserPreferencesInput","dietary restrictions"],"fullName":"UserPreferencesInput dietary restrictions deselects \"none\" when a specific restriction is selected","status":"passed","title":"deselects \"none\" when a specific restriction is selected","duration":38.733400000000984,"failureMessages":[],"meta":{}},{"ancestorTitles":["UserPreferencesInput","meal preferences"],"fullName":"UserPreferencesInput meal preferences selects meal types","status":"passed","title":"selects meal types","duration":63.62039999999979,"failureMessages":[],"meta":{}},{"ancestorTitles":["UserPreferencesInput","meal preferences"],"fullName":"UserPreferencesInput meal preferences deselects meal types","status":"passed","title":"deselects meal types","duration":13.211199999999735,"failureMessages":[],"meta":{}},{"ancestorTitles":["UserPreferencesInput","save behavior"],"fullName":"UserPreferencesInput save behavior dispatches preferences-saved event on save","status":"passed","title":"dispatches preferences-saved event on save","duration":42.07020000000011,"failureMessages":[],"meta":{}},{"ancestorTitles":["UserPreferencesInput","save behavior"],"fullName":"UserPreferencesInput save behavior shows confirmation message on save","status":"passed","title":"shows confirmation message on save","duration":12.944600000000719,"failureMessages":[],"meta":{}},{"ancestorTitles":["UserPreferencesInput","save behavior"],"fullName":"UserPreferencesInput save behavior hides confirmation message after 3 seconds","status":"passed","title":"hides confirmation message after 3 seconds","duration":65.71500000000015,"failureMessages":[],"meta":{}},{"ancestorTitles":["UserPreferencesInput","preferences getter/setter"],"fullName":"UserPreferencesInput preferences getter/setter returns empty preferences by default","status":"passed","title":"returns empty preferences by default","duration":10.397799
[...]
jects whitespace-only location","duration":0.713900000000649,"failureMessages":[],"meta":{}},{"ancestorTitles":["validateClassInput","location validation"],"fullName":"validateClassInput location validation rejects non-string location","status":"passed","title":"rejects non-string location","duration":0.5760000000009313,"failureMessages":[],"meta":{}},{"ancestorTitles":["validateClassInput","multiple errors"],"fullName":"validateClassInput multiple errors returns all errors when multiple fields are invalid","status":"passed","title":"returns all errors when multiple fields are invalid","duration":0.9318999999995867,"failureMessages":[],"meta":{}}],"startTime":1786046914564,"endTime":1786046914598.932,"status":"passed","message":"","name":"C:/UniGo/js/validators/classValidator.test.js"},{"assertionResults":[{"ancestorTitles":["detectOverlaps"],"fullName":"detectOverlaps returns no conflicts when there are no existing classes","status":"passed","title":"returns no conflicts when there are no existing classes","duration":6.134699999998702,"failureMessages":[],"meta":{}},{"ancestorTitles":["detectOverlaps"],"fullName":"detectOverlaps returns no conflicts when classes are on different days","status":"passed","title":"returns no conflicts when classes are on different days","duration":0.8932999999997264,"failureMessages":[],"meta":{}},{"ancestorTitles":["detectOverlaps"],"fullName":"detectOverlaps returns no conflicts when classes are adjacent (no gap, no overlap)","status":"passed","title":"returns no conflicts when classes are adjacent (no gap, no overlap)","duration":0.7691000000013446,"failureMessages":[],"meta":{}},{"ancestorTitles":["detectOverlaps"],"fullName":"detectOverlaps detects overlap when new class starts before existing ends","status":"passed","title":"detects overlap when new class starts before existing ends","duration":3.9897000000000844,"failureMessages":[],"meta":{}},{"ancestorTitles":["detectOverlaps"],"fullName":"detectOverlaps detects overlap when new class completely contains existing class","status":"passed","title":"detects overlap when new class completely contains existing class","duration":0.9350000000013097,"failureMessages":[],"meta":{}},{"ancestorTitles":["detectOverlaps"],"fullName":"detectOverlaps detects overlap when existing class completely contains new class","status":"passed","title":"detects overlap when existing class completely contains new class","duration":1.0183999999990192,"failureMessages":[],"meta":{}},{"ancestorTitles":["detectOverlaps"],"fullName":"detectOverlaps detects overlap when new class ends after existing starts","status":"passed","title":"detects overlap when new class ends after existing starts","duration":1.0988000000015745,"failureMessages":[],"meta":{}},{"ancestorTitles":["detectOverlaps"],"fullName":"detectOverlaps detects multiple conflicts on the same day","status":"passed","title":"detects multiple conflicts on the same day","duration":1.2091999999993277,"failureMessages":[],"meta":{}},{"ancestorTitles":["detectOverlaps"],"fullName":"detectOverlaps skips self-comparison by id","status":"passed","title":"skips self-comparison by id","duration":0.76890000000094,"failureMessages":[],"meta":{}},{"ancestorTitles":["detectOverlaps"],"fullName":"detectOverlaps handles null/undefined inputs gracefully","status":"passed","title":"handles null/undefined inputs gracefully","duration":2.4398999999993976,"failureMessages":[],"meta":{}},{"ancestorTitles":["detectOverlaps"],"fullName":"detectOverlaps includes times in the conflict message","status":"passed","title":"includes times in the conflict message","duration":0.8075000000008004,"failureMessages":[],"meta":{}},{"ancestorTitles":["validateClassLimit"],"fullName":"validateClassLimit returns valid when under the limit","status":"passed","title":"returns valid when under the limit","duration":0.7940999999991618,"failureMessages":[],"meta":{}},{"ancestorTitles":["validateClassLimit"],"fullName":"validateClassLimit returns valid for empty array","status":"passed","title":"returns valid for empty array","duration":0.35679999999956635,"failureMessages":[],"meta":{}},{"ancestorTitles":["validateClassLimit"],"fullName":"validateClassLimit returns valid for 29 classes (one below limit)","status":"passed","title":"returns valid for 29 classes (one below limit)","duration":0.4981000000007043,"failureMessages":[],"meta":{}},{"ancestorTitles":["validateClassLimit"],"fullName":"validateClassLimit returns invalid when at exactly 30 classes","status":"passed","title":"returns invalid when at exactly 30 classes","duration":0.5447000000003754,"failureMessages":[],"meta":{}},{"ancestorTitles":["validateClassLimit"],"fullName":"validateClassLimit returns invalid when over 30 classes","status":"passed","title":"returns invalid when over 30 classes","duration":0.5975999999991473,"failureMessages":[],"meta":{}},{"ancestorTitles":["validateClassLimit"],"fullName":"validateClassLimit handles non-array input gracefully","status":"passed","title":"handles non-array input gracefully","duration":0.6630000000004657,"failureMessages":[],"meta":{}}],"startTime":1786046914571,"endTime":1786046914595.663,"status":"passed","message":"","name":"C:/UniGo/js/validators/overlapDetector.test.js"},{"assertionResults":[{"ancestorTitles":["timeBlockValidator","validateBlockTypes"],"fullName":"timeBlockValidator validateBlockTypes accepts valid block types (transit, meal, activity)","status":"passed","title":"accepts valid block types (transit, meal, activity)","duration":4.4848000000001775,"failureMessages":[],"meta":{}},{"ancestorTitles":["timeBlockValidator","validateBlockTypes"],"fullName":"timeBlockValidator validateBlockTypes rejects invalid block type \"class\"","status":"passed","title":"rejects invalid block type \"class\"","duration":1.0617000000002008,"failureMessages":[],"meta":{}},{"ancestorTitles":["timeBlockValidator","validateBlockTypes"],"fullName":"timeBlockValidator validateBlockTypes rejects unknown block type","status":"passed","title":"rejects unknown block type","duration":0.5020000000004075,"failureMessages":[],"meta":{}},{"ancestorTitles":["timeBlockValidator","validateChronologicalOrder"],"fullName":"timeBlockValidator validateChronologicalOrder passes for blocks in correct order","status":"passed","title":"passes for blocks in correct order","duration":0.8761000000013155,"failureMessages":[],"meta":{}},{"ancestorTitles":["timeBlockValidator","validateChronologicalOrder"],"fullName":"timeBlockValidator validateChronologicalOrder passes for blocks with same start time","status":"passed","title":"passes for blocks with same start time","duration":0.4789999999993597,"failureMessages":[],"meta":{}},{"ancestorTitles":["timeBlockValidator","validateChronologicalOrder"],"fullName":"timeBlockValidator validateChronologicalOrder fails for blocks out of order","status":"passed","title":"fails for blocks out of order","duration":0.810300000001007,"failureMessages":[],"meta":{}},{"ancestorTitles":["timeBlockValidator","validateChronologicalOrder"],"fullName":"timeBlockValidator validateChronologicalOrder passes for a single block","status":"passed","title":"passes for a single block","duration":0.3371999999999389,"failureMessages":[],"meta":{}},{"ancestorTitles":["timeBlockValidator","validateChronologicalOrder"],"fullName":"timeBlockValidator validateChronologicalOrder passes for an empty array","status":"passed","title":"passes for an empty array","duration":0.2960000000002765,"failureMessages":[],"meta":{}},{"ancestorTitles":["timeBlockValidator","validateNoOverlapWithClasses"],"fullName":"timeBlockValidator validateNoOverlapWithClasses passes when blocks don't overlap with classes","status":"passed","title":"passes when blocks don't overlap with classes","duration":0.6566000000002532,"failureMessages":[],"meta":{}},{"ancestorTitles":["timeBlockValidator","validateNoOverlapWithClasses"],"fullName":"timeBlockValidator validateNoOverlapWithClasses fails when a block overlaps with a class","status":"passed","title":"fails when a block overlaps with a class","duration":0.6014999999988504,"failureMessages":[],"meta":{}},{"ancestorTitles":["timeBlockValidator","validateNoOverlapWithClasses"],"fullName":"timeBlockValidator validateNoOverlapWithClasses fails when a block starts during a class","status":"passed","title":"fails when a block starts during a class","duration":0.5009999999983847,"failureMessages":[],"meta":{}},{"ancestorTitles":["timeBlockValidator","validateNoOverlapWithClasses"],"fullName":"timeBlockValidator validateNoOverlapWithClasses passes when block ends exactly when class starts","status":"passed","title":"passes when block ends exactly when class starts","duration":0.46569999999883294,"failureMessages":[],"meta":{}},{"ancestorTitles":["timeBlockValidator","validateNoOverlapWithClasses"],"fullName":"timeBlockValidator validateNoOverlapWithClasses passes when block starts exactly when class ends","status":"passed","title":"passes when block starts exactly when class ends","duration":0.2757999999994354,"failureMessages":[],"meta":{}},{"ancestorTitles":["timeBlockValidator","validateWithinGaps"],"fullName":"timeBlockValidator validateWithinGaps passes when blocks are within gaps","status":"passed","title":"passes when blocks are within gaps","duration":0.5039999999989959,"failureMessages":[],"meta":{}},{"ancestorTitles":["timeBlockValidator","validateWithinGaps"],"fullName":"timeBlockValidator validateWithinGaps fails when a block extends beyond a gap","status":"passed","title":"fails when a block extends beyond a gap","duration":0.3819999999996071,"failureMessages":[],"meta":{}},{"ancestorTitles":["timeBlockValidator","validateWithinGaps"],"fullName":"timeBlockValidator validateWithinGaps fails when a block is completely outside any gap","status":"passed","title":"fails when a block is completely outside any gap","duration":0.38210000000071886,"failureMessages":[],"meta":{}},{"ancestorTitles":["timeBlockValidator","validateWithinGaps"],"fullName":"timeBlockValidator validateWithinGaps passes when block fills an entire gap exactly","status":"passed","title":"passes when block fills an entire gap exactly","duration":0.3006999999997788,"failureMessages":[],"meta":{}},{"ancestorTitles":["timeBlockValidator","validateBlockDurations","transit blocks"],"fullName":"timeBlockValidator validateBlockDurations transit blocks accepts transit block of 5 minutes","status":"passed","title":"accepts transit block of 5 minutes","duration":0.5715000000000146,"failureMessages":[],"meta":{}},{"ancestorTitles":["timeBlockValidator","validateBlockDurations","transit blocks"],"fullName":"timeBlockValidator validateBlockDurations transit blocks accepts transit block of 30 minutes","status":"passed","title":"accepts transit block of 30 minutes","duration":0.27080000000023574,"failureMessages":[],"meta":{}},{"ancestorTitles":["timeBlockValidator","validateBlockDurations","transit blocks"],"fullName":"timeBlockValidator validateBlockDurations transit blocks rejects transit block shorter than 5 minutes","status":"passed","title":"rejects transit block shorter than 5 minutes","duration":0.4732000000003609,"failureMessages":[],"meta":{}},{"ancestorTitles":["timeBlockValidator","validateBlockDurations","transit blocks"],"fullName":"timeBlockValidator validateBlockDurations transit blocks rejects transit block longer than 30 minutes","status":"passed","title":"rejects transit block longer than 30 minutes","duration":0.44210000000020955,"failureMessages":[],"meta":{}},{"ancestorTitles":["timeBlockValidator","validateBlockDurations","meal blocks"],"fullName":"timeBlockValidator validateBlockDurations meal blocks accepts breakfast meal of 30 min","status":"passed","title":"accepts breakfast meal of 30 min","duration":0.5922000000009575,"failureMessages":[],"meta":{}},{"ancestorTitles":["timeBlockValidator","validateBlockDurations","meal blocks"],"fullName":"timeBlockValidator validateBlockDurations meal blocks accepts breakfast meal capped at 60 min","status":"passed","title":"accepts breakfast meal capped at 60 min","duration":0.3144000000011147,"failureMessages":[],"meta":{}},{"ancestorTitles":["timeBlockValidator","validateBlockDurations","meal blocks"],"fullName":"timeBlockValidator validateBlockDurations meal blocks rejects breakfast meal exceeding 60 min cap","status":"passed","title":"rejects breakfast meal exceeding 60 min cap","duration":0.3544000000001688,"failureMessages":[],"meta":{}},{"ancestorTitles":["timeBlockValidator","validateBlockDurations","meal blocks"],"fullName":"timeBlockValidator validateBlockDurations meal blocks accepts lunch meal of 45 min","status":"passed","title":"accepts lunch meal of 45 min","duration":0.2815000000009604,"failureMessages":[],"meta":{}},{"ancestorTitles":["timeBlockValidator","validateBlockDurations","meal blocks"],"fullName":"timeBlockValidator validateBlockDurations meal blocks rejects lunch meal exceeding 60 min cap","status":"passed","title":"rejects lunch meal exceeding 60 min cap","duration":0.36679999999978463,"failureMessages":[],"meta":{}},{"ancestorTitles":["timeBlockValidator","validateBlockDurations","meal blocks"],"fullName":"timeBlockValidator validateBlockDurations meal blocks accepts dinner meal of 90 min (dinner cap)","status":"passed","title":"accepts dinner meal of 90 min (dinner cap)","duration":0.37739999999939755,"failureMessages":[],"meta":{}},{"ancestorTitles":["timeBlockValidator","validateBlockDurations","meal blocks"],"fullName":"timeBlockValidator validateBlockDurations meal blocks rejects dinner meal exceeding 90 min cap","status":"passed","title":"rejects dinner meal exceeding 90 min cap","duration":0.6511000000009517,"failureMessages":[],"meta":{}},{"ancestorTitles":["timeBlockValidator","validateBlockDurations","meal blocks"],"fullName":"timeBlockValidator validateBlockDurations meal blocks accepts snack of 15 min in breakfast window","status":"passed","title":"accepts snack of 15 min in breakfast window","duration":0.3235999999997148,"failureMessages":[],"meta":{}},{"ancestorTitles":["timeBlockValidator","validateBlockDurations","meal blocks"],"fullName":"timeBlockValidator validateBlockDurations meal blocks accepts snack of 29 min in lunch window","status":"passed","title":"accepts snack of 29 min in lunch window","duration":0.6754000000000815,"failureMessages":[],"meta":{}},{"ancestorTitles":["timeBlockValidator","validateBlockDurations","meal blocks"],"fullName":"timeBlockValidator validateBlockDurations meal blocks accepts snack of 10 min in dinner window","status":"passed","title":"accepts snack of 10 min in dinner window","duration":0.5907999999999447,"failureMessages":[],"meta":{}},{"ancestorTitles":["timeBlockValidator","validateBlockDurations","meal blocks"],"fullName":"timeBlockValidator validateBlockDurations meal blocks rejects meal block shorter than 10 min in a meal window","status":"passed","title":"rejects meal block shorter than 10 min in a meal window","duration":0.3651000000008935,"failureMessages":[],"meta":{}},{"ancestorTitles":["timeBlockValidator","validateBlockDurations","activity blocks"],"fullName":"timeBlockValidator validateBlockDurations activity blocks accepts activity block of 15 min (minimum)","status":"passed","title":"accepts activity block of 15 min (minimum)","duration":0.44139999999970314,"failureMessages":[],"meta":{}},{"ancestorTitles":["timeBlockValidator","validateBlockDurations","activity blocks"],"fullName":"timeBlockValidator validateBlockDurations activity blocks accepts activity block of 60 min","status":"passed","title":"accepts activity block of 60 min","duration":0.2739000000001397,"failureMessages":[],"meta":{}},{"ancestorTitles":["timeBlockValidator","validateBlockDurations","activity blocks"],"fullName":"timeBlockValidator validateBlockDurations activity blocks rejects activity block shorter than 15 min","status":"passed","title":"rejects activity block shorter than 15 min","duration":0.35169999999925494,"failureMessages":[],"meta":{}},{"ancestorTitles":["timeBlockValidator","validateBlockDurations","non-positive duration"],"fullName":"timeBlockValidator validateBlockDurations non-positive duration rejects block with end time equal to start time","status":"passed","title":"rejects block with end time equal to start time","duration":0.47339999999894644,"failureMessages":[],"meta":{}},{"ancestorTitles":["timeBlockValidator","validateNoBlockEndsAfterTransitStart"],"fullName":"timeBlockValidator validateNoBlockEndsAfterTransitStart passes when activity ends before transit starts","status":"passed","title":"passes when activity ends before transit starts","duration":0.5990999999994528,"failureMessages":[],"meta":{}},{"ancestorTitles":["timeBlockValidator","validateNoBlockEndsAfterTransitStart"],"fullName":"timeBlockValidator validateNoBlockEndsAfterTransitStart fails when activity ends after transit starts","status":"passed","title":"fails when activity ends after transit starts","duration":0.5493999999998778,"failureMessages":[],"meta":{}},{"ancestorTitles":["timeBlockValidator","validateNoBlockEndsAfterTransitStart"],"fullName":"timeBlockValidator validateNoBlockEndsAfterTransitStart fails when meal ends after transit starts","status":"passed","title":"fails when meal ends after transit starts","duration":0.28210000000035507,"failureMessages":[],"meta":{}},{"ancestorTitles":["timeBlockValidator","validateNoBlockEndsAfterTransitStart"],"fullName":"timeBlockValidator validateNoBlockEndsAfterTransitStart does not flag transit followed by transit","status":"passed","title":"does not flag transit followed by transit","duration":0.22770000000127766,"failureMessages":[],"meta":{}},{"ancestorTitles":["timeBlockValidator","validateTimeBlocks (main function)"],"fullName":"timeBlockValidator validateTimeBlocks (main function) returns valid for empty timeBlocks array","status":"passed","title":"returns valid for empty timeBlocks array","duration":1.2391000000006898,"failureMessages":[],"meta":{}},{"ancestorTitles":["timeBlockValidator","validateTimeBlocks (main function)"],"fullName":"timeBlockValidator validateTimeBlocks (main function) returns valid for null/undefined timeBlocks","status":"passed","title":"returns valid for null/undefined timeBlocks","duration":0.24400000000059663,"failureMessages":[],"meta":{}},{"ancestorTitles":["timeBlockValidator","validateTimeBlocks (main function)"],"fullName":"timeBlockValidator validateTimeBlocks (main function) validates a correct schedule","status":"passed","title":"validates a correct schedule","duration":0.8367999999991298,"failureMessages":[],"meta":{}},{"ancestorTitles":["timeBlockValidator","validateTimeBlocks (main function)"],"fullName":"timeBlockValidator validateTimeBlocks (main function) identifies invalid blocks and returns valid ones","status":"passed","title":"identifies invalid blocks and returns valid ones","duration":2.8749000000007072,"failureMessages":[],"meta":{}},{"ancestorTitles":["timeBlockValidator","validateTimeBlocks (main function)"],"fullName":"timeBlockValidator validateTimeBlocks (main function) catches overlap with class","status":"passed","title":"catches overlap with class","duration":0.5144000000000233,"failureMessages":[],"meta":{}},{"ancestorTitles":["timeBlockValidator","validateTimeBlocks (main function)"],"fullName":"timeBlockValidator validateTimeBlocks (main function) catches block outside gaps","status":"passed","title":"catches block outside gaps","duration":0.3808000000008178,"failureMessages":[],"meta":{}},{"ancestorTitles":["timeBlockValidator","validateTimeBlocks (main function)"],"fullName":"timeBlockValidator validateTimeBlocks (main function) catches chronological order violation","status":"passed","title":"catches chronological order violation","duration":0.38839999999981956,"failureMessages":[],"meta":{}}],"startTime":1786046905231,"endTime":1786046905265.3884,"status":"passed","message":"","name":"C:/UniGo/js/validators/timeBlockValidator.test.js"}]}